<?xml version="1.0" encoding="UTF-8"?>
<!-- Generated by org.testng.reporters.JUnitReportReporter -->
<testsuite hostname="DESKTOP-42ESNCU" failures="0" tests="1" name="com.training.sanity.tests.LoginTests" time="8.116" errors="0" timestamp="2022-05-19T16:06:30 IST" skipped="0">
  <testcase classname="com.training.sanity.tests.LoginTests" name="validLoginTest" time="8.116"/>
  <system-out/>
</testsuite> <!-- com.training.sanity.tests.LoginTests -->
